Using pre-set license
Built from '2021.2/staging' branch; Version is '2021.2.11f1 (e50cafbb4399) revision 15010991'; Using compiler version '192829333'; Build Type 'Release'
OS: 'Windows 10  (10.0.19043) 64bit Core' Language: 'en' Physical Memory: 16173 MB
BatchMode: 1, IsHumanControllingUs: 0, StartBugReporterOnCrash: 0, Is64bit: 1, IsPro: 0

COMMAND LINE ARGUMENTS:
D:\programming\2021.2.11f1\Editor\Unity.exe
-adb2
-batchMode
-noUpm
-name
AssetImportWorker5
-projectPath
D:/programming/Unity Projects/Summer RPG Game 2021/Computer-science/Computer Science - Coursework
-logFile
Logs/AssetImportWorker5.log
-srvPort
65166
Successfully changed project path to: D:/programming/Unity Projects/Summer RPG Game 2021/Computer-science/Computer Science - Coursework
D:/programming/Unity Projects/Summer RPG Game 2021/Computer-science/Computer Science - Coursework
[UnityMemory] Configuration Parameters - Can be set up in boot.config
    "memorysetup-bucket-allocator-granularity=16"
    "memorysetup-bucket-allocator-bucket-count=8"
    "memorysetup-bucket-allocator-block-size=33554432"
    "memorysetup-bucket-allocator-block-count=8"
    "memorysetup-main-allocator-block-size=16777216"
    "memorysetup-thread-allocator-block-size=16777216"
    "memorysetup-gfx-main-allocator-block-size=16777216"
    "memorysetup-gfx-thread-allocator-block-size=16777216"
    "memorysetup-cache-allocator-block-size=4194304"
    "memorysetup-typetree-allocator-block-size=2097152"
    "memorysetup-profiler-bucket-allocator-granularity=16"
    "memorysetup-profiler-bucket-allocator-bucket-count=8"
    "memorysetup-profiler-bucket-allocator-block-size=33554432"
    "memorysetup-profiler-bucket-allocator-block-count=8"
    "memorysetup-profiler-allocator-block-size=16777216"
    "memorysetup-profiler-editor-allocator-block-size=1048576"
    "memorysetup-temp-allocator-size-main=16777216"
    "memorysetup-job-temp-allocator-block-size=2097152"
    "memorysetup-job-temp-allocator-block-size-background=1048576"
    "memorysetup-job-temp-allocator-reduction-small-platforms=262144"
    "memorysetup-temp-allocator-size-background-worker=32768"
    "memorysetup-temp-allocator-size-job-worker=262144"
    "memorysetup-temp-allocator-size-preload-manager=33554432"
    "memorysetup-temp-allocator-size-nav-mesh-worker=65536"
    "memorysetup-temp-allocator-size-audio-worker=65536"
    "memorysetup-temp-allocator-size-cloud-worker=32768"
    "memorysetup-temp-allocator-size-gi-baking-worker=262144"
    "memorysetup-temp-allocator-size-gfx=262144"
Refreshing native plugins compatible for Editor in 48.22 ms, found 3 plugins.
Preloading 0 native plugins for Editor in 0.00 ms.
Initialize engine version: 2021.2.11f1 (e50cafbb4399)
[Subsystems] Discovering subsystems at path D:/programming/2021.2.11f1/Editor/Data/Resources/UnitySubsystems
[Subsystems] Discovering subsystems at path D:/programming/Unity Projects/Summer RPG Game 2021/Computer-science/Computer Science - Coursework/Assets
GfxDevice: creating device client; threaded=0; jobified=0
Direct3D:
    Version:  Direct3D 11.0 [level 11.1]
    Renderer: NVIDIA GeForce RTX 2060 (ID=0x1f15)
    Vendor:   NVIDIA
    VRAM:     5980 MB
    Driver:   30.0.14.9649
Initialize mono
Mono path[0] = 'D:/programming/2021.2.11f1/Editor/Data/Managed'
Mono path[1] = 'D:/programming/2021.2.11f1/Editor/Data/MonoBleedingEdge/lib/mono/unityjit-win32'
Mono config path = 'D:/programming/2021.2.11f1/Editor/Data/MonoBleedingEdge/etc'
Using monoOptions --debugger-agent=transport=dt_socket,embedding=1,server=y,suspend=n,address=127.0.0.1:56868
Begin MonoManager ReloadAssembly
Registering precompiled unity dll's ...
Register platform support module: D:/programming/2021.2.11f1/Editor/Data/PlaybackEngines/WindowsStandaloneSupport/UnityEditor.WindowsStandalone.Extensions.dll
Registered in 0.002668 seconds.
Native extension for WindowsStandalone target not found
Refreshing native plugins compatible for Editor in 42.16 ms, found 3 plugins.
Preloading 0 native plugins for Editor in 0.00 ms.
Mono: successfully reloaded assembly
- Completed reload, in  0.543 seconds
Domain Reload Profiling:
	ReloadAssembly (544ms)
		BeginReloadAssembly (69ms)
			ExecutionOrderSort (0ms)
			DisableScriptedObjects (0ms)
			BackupInstance (0ms)
			ReleaseScriptingObjects (0ms)
			CreateAndSetChildDomain (1ms)
		EndReloadAssembly (403ms)
			LoadAssemblies (68ms)
			RebuildTransferFunctionScriptingTraits (0ms)
			SetupTypeCache (99ms)
			ReleaseScriptCaches (0ms)
			RebuildScriptCaches (26ms)
			SetupLoadedEditorAssemblies (232ms)
				LogAssemblyErrors (0ms)
				InitializePlatformSupportModulesInManaged (13ms)
				SetLoadedEditorAssemblies (0ms)
				RefreshPlugins (42ms)
				BeforeProcessingInitializeOnLoad (1ms)
				ProcessInitializeOnLoadAttributes (134ms)
				ProcessInitializeOnLoadMethodAttributes (42ms)
				AfterProcessingInitializeOnLoad (0ms)
				EditorAssembliesLoaded (0ms)
			ExecutionOrderSort2 (0ms)
			AwakeInstancesAfterBackupRestoration (0ms)
Platform modules already initialized, skipping
Registering precompiled user dll's ...
Registered in 0.003958 seconds.
Begin MonoManager ReloadAssembly
Native extension for WindowsStandalone target not found
Refreshing native plugins compatible for Editor in 42.99 ms, found 3 plugins.
Preloading 0 native plugins for Editor in 0.00 ms.
Mono: successfully reloaded assembly
- Completed reload, in  1.617 seconds
Domain Reload Profiling:
	ReloadAssembly (1618ms)
		BeginReloadAssembly (105ms)
			ExecutionOrderSort (0ms)
			DisableScriptedObjects (5ms)
			BackupInstance (0ms)
			ReleaseScriptingObjects (0ms)
			CreateAndSetChildDomain (18ms)
		EndReloadAssembly (1418ms)
			LoadAssemblies (69ms)
			RebuildTransferFunctionScriptingTraits (0ms)
			SetupTypeCache (212ms)
			ReleaseScriptCaches (0ms)
			RebuildScriptCaches (56ms)
			SetupLoadedEditorAssemblies (1039ms)
				LogAssemblyErrors (0ms)
				InitializePlatformSupportModulesInManaged (10ms)
				SetLoadedEditorAssemblies (0ms)
				RefreshPlugins (43ms)
				BeforeProcessingInitializeOnLoad (64ms)
				ProcessInitializeOnLoadAttributes (723ms)
				ProcessInitializeOnLoadMethodAttributes (196ms)
				AfterProcessingInitializeOnLoad (2ms)
				EditorAssembliesLoaded (0ms)
			ExecutionOrderSort2 (0ms)
			AwakeInstancesAfterBackupRestoration (5ms)
Platform modules already initialized, skipping
========================================================================
Worker process is ready to serve import requests
Launched and connected shader compiler UnityShaderCompiler.exe after 0.45 seconds
Refreshing native plugins compatible for Editor in 0.62 ms, found 3 plugins.
Preloading 0 native plugins for Editor in 0.00 ms.
Unloading 2627 Unused Serialized files (Serialized files now loaded: 0)
Unloading 48 unused Assets / (128.6 KB). Loaded Objects now: 3086.
Memory consumption went from 119.9 MB to 119.7 MB.
Total: 4.107500 ms (FindLiveObjects: 0.373300 ms CreateObjectMapping: 0.334800 ms MarkObjects: 3.311900 ms  DeleteObjects: 0.086900 ms)

AssetImportParameters requested are different than current active one (requested -> active):
  custom:video-decoder-ogg-theora: a1e56fd34408186e4bbccfd4996cb3dc -> 
  custom:container-muxer-webm: aa71ff27fc2769a1b78a27578f13a17b -> 
  custom:container-demuxer-webm: 4f35f7cbe854078d1ac9338744f61a02 -> 
  custom:video-encoder-webm-vp8: eb34c28f22e8b96e1ab97ce403110664 -> 
  custom:video-codec-MediaFoundation-h265: 746d11721c4dcdbdad8f713fa42b33f4 -> 
  custom:audio-encoder-webm-vorbis: bf7c407c2cedff20999df2af8eb42d56 -> 
  custom:framework-win-MediaFoundation: 216162199b28c13a410421893ffa2e32 -> 
  custom:container-demuxer-ogg: 62fdf1f143b41e24485cea50d1cbac27 -> 
  custom:video-decoder-webm-vp8: 9c59270c3fd7afecdb556c50c9e8de78 -> 
  custom:audio-decoder-ogg-vorbis: bf7c407c2cedff20999df2af8eb42d56 -> 
========================================================================
Received Import Request.
  Time since last request: 265499.885815 seconds.
  path: Assets/Assets Storage/COPY SPRIGHT/2D Character - Astronaut/Sprites/character_vanish.png
  artifactKey: Guid(37db6fd26ee44919bffee8a330bd9f5d) Importer(815301076,1909f56bfc062723c751e8b465ee728b)
Start importing Assets/Assets Storage/COPY SPRIGHT/2D Character - Astronaut/Sprites/character_vanish.png using Guid(37db6fd26ee44919bffee8a330bd9f5d) Importer(815301076,1909f56bfc062723c751e8b465ee728b)  -> (artifact id: 'c8c830596b17a57f0bebf80e79052170') in 0.710199 seconds 
========================================================================
Received Import Request.
  Time since last request: 0.000028 seconds.
  path: Assets/Assets Storage/COPY SPRIGHT/2D Character - Astronaut/Sprites/character_sycthe.png
  artifactKey: Guid(2cd92e9f32354f3c924b9ba0617cfbd3) Importer(815301076,1909f56bfc062723c751e8b465ee728b)
Start importing Assets/Assets Storage/COPY SPRIGHT/2D Character - Astronaut/Sprites/character_sycthe.png using Guid(2cd92e9f32354f3c924b9ba0617cfbd3) Importer(815301076,1909f56bfc062723c751e8b465ee728b)  -> (artifact id: 'f1ebfd71e6214fb804d1a08f18d92a5e') in 0.687489 seconds 
========================================================================
Received Import Request.
  Time since last request: 0.000025 seconds.
  path: Assets/Assets Storage/Distant Forest Assets/Swamp Forest/Tile Pallet/SwampPack1_20.asset
  artifactKey: Guid(3db9cf95ce8aad24b99be7e8919472b1) Importer(815301076,1909f56bfc062723c751e8b465ee728b)
Start importing Assets/Assets Storage/Distant Forest Assets/Swamp Forest/Tile Pallet/SwampPack1_20.asset using Guid(3db9cf95ce8aad24b99be7e8919472b1) Importer(815301076,1909f56bfc062723c751e8b465ee728b)  -> (artifact id: 'fd3b115d6baf35e127d7539eae666de4') in 0.040606 seconds 
========================================================================
Received Import Request.
  Time since last request: 0.000018 seconds.
  path: Assets/Assets Storage/Distant Forest Assets/Swamp Forest/Tile Pallet/SwampPack1_7.asset
  artifactKey: Guid(0cb25a7c636df7b4fb8ab4ee71348fd9) Importer(815301076,1909f56bfc062723c751e8b465ee728b)
Start importing Assets/Assets Storage/Distant Forest Assets/Swamp Forest/Tile Pallet/SwampPack1_7.asset using Guid(0cb25a7c636df7b4fb8ab4ee71348fd9) Importer(815301076,1909f56bfc062723c751e8b465ee728b)  -> (artifact id: '20beef0a2d2758f47fdfb17331de57dc') in 0.031965 seconds 
========================================================================
Received Import Request.
  Time since last request: 0.000015 seconds.
  path: Assets/Assets Storage/Distant Forest Assets/Swamp Forest/Tile Pallet/SwampPack1_43.asset
  artifactKey: Guid(f5aed738988087647b138895530f056f) Importer(815301076,1909f56bfc062723c751e8b465ee728b)
Start importing Assets/Assets Storage/Distant Forest Assets/Swamp Forest/Tile Pallet/SwampPack1_43.asset using Guid(f5aed738988087647b138895530f056f) Importer(815301076,1909f56bfc062723c751e8b465ee728b)  -> (artifact id: '7c7ab899439ac400de4ba36cc3e7cf87') in 0.047420 seconds 
========================================================================
Received Import Request.
  Time since last request: 0.000020 seconds.
  path: Assets/Assets Storage/COPY SPRIGHT/2D Character - Astronaut/Sprites/character_hit1.png
  artifactKey: Guid(42a0d4a0cdde425a930dc5ae1c3f64ad) Importer(815301076,1909f56bfc062723c751e8b465ee728b)
Start importing Assets/Assets Storage/COPY SPRIGHT/2D Character - Astronaut/Sprites/character_hit1.png using Guid(42a0d4a0cdde425a930dc5ae1c3f64ad) Importer(815301076,1909f56bfc062723c751e8b465ee728b)  -> (artifact id: '7a56e08c7aebf2c87ef70590cb10583b') in 0.346722 seconds 
========================================================================
Received Import Request.
  Time since last request: 0.000017 seconds.
  path: Assets/Assets Storage/Distant Forest Assets/Swamp Forest/Tile Pallet/SwampPack1_6.asset
  artifactKey: Guid(3ff9623a3f507994bb1ab0d97ad6fc15) Importer(815301076,1909f56bfc062723c751e8b465ee728b)
Start importing Assets/Assets Storage/Distant Forest Assets/Swamp Forest/Tile Pallet/SwampPack1_6.asset using Guid(3ff9623a3f507994bb1ab0d97ad6fc15) Importer(815301076,1909f56bfc062723c751e8b465ee728b)  -> (artifact id: '5f952f7f1c82ade7d7bc0ed46a48182d') in 0.026193 seconds 
========================================================================
Received Import Request.
  Time since last request: 0.000024 seconds.
  path: Assets/Assets Storage/Distant Forest Assets/Swamp Forest/Tile Pallet/SwampPack1_10.asset
  artifactKey: Guid(b86d1eaace347274dbae8ed5a7344f6d) Importer(815301076,1909f56bfc062723c751e8b465ee728b)
Start importing Assets/Assets Storage/Distant Forest Assets/Swamp Forest/Tile Pallet/SwampPack1_10.asset using Guid(b86d1eaace347274dbae8ed5a7344f6d) Importer(815301076,1909f56bfc062723c751e8b465ee728b)  -> (artifact id: '1676d0f364a0c20c10d69086c20be23e') in 0.053680 seconds 
========================================================================
Received Import Request.
  Time since last request: 0.000015 seconds.
  path: Assets/Assets Storage/COPY SPRIGHT/2D Character - Astronaut/Sprites/character_rifle.png
  artifactKey: Guid(123d54a09b5e49a7b77ca17b4009834c) Importer(815301076,1909f56bfc062723c751e8b465ee728b)
Start importing Assets/Assets Storage/COPY SPRIGHT/2D Character - Astronaut/Sprites/character_rifle.png using Guid(123d54a09b5e49a7b77ca17b4009834c) Importer(815301076,1909f56bfc062723c751e8b465ee728b)  -> (artifact id: '41f6f49feab4fc38e880ea9ab9ddc20a') in 0.059634 seconds 
========================================================================
Received Import Request.
  Time since last request: 0.000024 seconds.
  path: Assets/Assets Storage/COPY SPRIGHT/2D Character - Astronaut/Sprites/world_wood_barrier.png
  artifactKey: Guid(c94c2e2b9bf12ca4680516aeed0708df) Importer(815301076,1909f56bfc062723c751e8b465ee728b)
Start importing Assets/Assets Storage/COPY SPRIGHT/2D Character - Astronaut/Sprites/world_wood_barrier.png using Guid(c94c2e2b9bf12ca4680516aeed0708df) Importer(815301076,1909f56bfc062723c751e8b465ee728b)  -> (artifact id: 'f61e5f42c6b697ec28a4bcb8b1c6c46e') in 0.233159 seconds 
========================================================================
Received Import Request.
  Time since last request: 0.000020 seconds.
  path: Assets/Assets Storage/Distant Forest Assets/Swamp Forest/Tile Pallet/SwampPack1_13.asset
  artifactKey: Guid(f78ad1d163d9ae44d955d55cb924efac) Importer(815301076,1909f56bfc062723c751e8b465ee728b)
Start importing Assets/Assets Storage/Distant Forest Assets/Swamp Forest/Tile Pallet/SwampPack1_13.asset using Guid(f78ad1d163d9ae44d955d55cb924efac) Importer(815301076,1909f56bfc062723c751e8b465ee728b)  -> (artifact id: '8c28c72a09a2287e1a61c61d9cb16783') in 0.027672 seconds 
========================================================================
Received Import Request.
  Time since last request: 0.000019 seconds.
  path: Assets/Assets Storage/COPY SPRIGHT/2D Character - Astronaut/Sprites/world_bomb_explosion.png
  artifactKey: Guid(9f30f35184729d64e9778f3a861945dc) Importer(815301076,1909f56bfc062723c751e8b465ee728b)
Start importing Assets/Assets Storage/COPY SPRIGHT/2D Character - Astronaut/Sprites/world_bomb_explosion.png using Guid(9f30f35184729d64e9778f3a861945dc) Importer(815301076,1909f56bfc062723c751e8b465ee728b)  -> (artifact id: 'bf580687ec2eb363b328f785d341c595') in 0.206239 seconds 
========================================================================
Received Import Request.
  Time since last request: 0.000017 seconds.
  path: Assets/Assets Storage/COPY SPRIGHT/2D Character - Astronaut/Sprites/character_sword.png
  artifactKey: Guid(15eb07192dee43dcb169478da3b487d0) Importer(815301076,1909f56bfc062723c751e8b465ee728b)
Start importing Assets/Assets Storage/COPY SPRIGHT/2D Character - Astronaut/Sprites/character_sword.png using Guid(15eb07192dee43dcb169478da3b487d0) Importer(815301076,1909f56bfc062723c751e8b465ee728b)  -> (artifact id: '9484c973dd31d6fb86b8f5dfab3e700d') in 0.513456 seconds 
========================================================================
Received Import Request.
  Time since last request: 0.000021 seconds.
  path: Assets/Assets Storage/Distant Forest Assets/Taiga Forest/TaigaBg_2.png
  artifactKey: Guid(37627e03d6f221a4188f64e377dd4e1f) Importer(815301076,1909f56bfc062723c751e8b465ee728b)
Start importing Assets/Assets Storage/Distant Forest Assets/Taiga Forest/TaigaBg_2.png using Guid(37627e03d6f221a4188f64e377dd4e1f) Importer(815301076,1909f56bfc062723c751e8b465ee728b)  -> (artifact id: 'f37bb6a8af5d2ec41b4273c3a4b5cc56') in 0.255436 seconds 
========================================================================
Received Import Request.
  Time since last request: 0.000017 seconds.
  path: Assets/Assets Storage/Distant Forest Assets/Swamp Forest/Tile Pallet/SwampPack1_40.asset
  artifactKey: Guid(47602bb4caf87a441bd0a4793e6f4961) Importer(815301076,1909f56bfc062723c751e8b465ee728b)
Start importing Assets/Assets Storage/Distant Forest Assets/Swamp Forest/Tile Pallet/SwampPack1_40.asset using Guid(47602bb4caf87a441bd0a4793e6f4961) Importer(815301076,1909f56bfc062723c751e8b465ee728b)  -> (artifact id: '0cd592b1f5b4a68d83b3d19873e579f8') in 0.047487 seconds 
========================================================================
Received Import Request.
  Time since last request: 0.000022 seconds.
  path: Assets/Assets Storage/COPY SPRIGHT/2D Character - Astronaut/Sprites/character_bow.png
  artifactKey: Guid(410a682b748d49d5b553923210776e64) Importer(815301076,1909f56bfc062723c751e8b465ee728b)
Start importing Assets/Assets Storage/COPY SPRIGHT/2D Character - Astronaut/Sprites/character_bow.png using Guid(410a682b748d49d5b553923210776e64) Importer(815301076,1909f56bfc062723c751e8b465ee728b)  -> (artifact id: '9cf65a4738b83ef43a8f5b8269898ed0') in 0.127266 seconds 
========================================================================
Received Import Request.
  Time since last request: 0.000013 seconds.
  path: Assets/Assets Storage/Distant Forest Assets/Swamp Forest/Tile Pallet/SwampPack1_1.asset
  artifactKey: Guid(ac6e1a246922386459c7396f6d0588e1) Importer(815301076,1909f56bfc062723c751e8b465ee728b)
Start importing Assets/Assets Storage/Distant Forest Assets/Swamp Forest/Tile Pallet/SwampPack1_1.asset using Guid(ac6e1a246922386459c7396f6d0588e1) Importer(815301076,1909f56bfc062723c751e8b465ee728b)  -> (artifact id: '458f3249427f135448c797b831c864c0') in 0.048212 seconds 
========================================================================
Received Import Request.
  Time since last request: 0.000022 seconds.
  path: Assets/Assets Storage/Distant Forest Assets/Swamp Forest/Tile Pallet/SwampPack1_59.asset
  artifactKey: Guid(1e821e2157893334bbd689077e117816) Importer(815301076,1909f56bfc062723c751e8b465ee728b)
Start importing Assets/Assets Storage/Distant Forest Assets/Swamp Forest/Tile Pallet/SwampPack1_59.asset using Guid(1e821e2157893334bbd689077e117816) Importer(815301076,1909f56bfc062723c751e8b465ee728b)  -> (artifact id: 'd9c2b089f4e411b27d309a38605b6ec3') in 0.027568 seconds 
========================================================================
Received Import Request.
  Time since last request: 0.000019 seconds.
  path: Assets/Assets Storage/Distant Forest Assets/Swamp Forest/Tile Pallet/SwampPack1_55.asset
  artifactKey: Guid(369279f1dde119140b5f90901345768f) Importer(815301076,1909f56bfc062723c751e8b465ee728b)
Start importing Assets/Assets Storage/Distant Forest Assets/Swamp Forest/Tile Pallet/SwampPack1_55.asset using Guid(369279f1dde119140b5f90901345768f) Importer(815301076,1909f56bfc062723c751e8b465ee728b)  -> (artifact id: '799c797a3f97a299a6e3d8a585da17ac') in 0.038918 seconds 
========================================================================
Received Import Request.
  Time since last request: 0.000016 seconds.
  path: Assets/Assets Storage/Distant Forest Assets/Swamp Forest/Tile Pallet/SwampPack1_52.asset
  artifactKey: Guid(ec7373b7727d1e5479577da27b62688d) Importer(815301076,1909f56bfc062723c751e8b465ee728b)
Start importing Assets/Assets Storage/Distant Forest Assets/Swamp Forest/Tile Pallet/SwampPack1_52.asset using Guid(ec7373b7727d1e5479577da27b62688d) Importer(815301076,1909f56bfc062723c751e8b465ee728b)  -> (artifact id: '07667d1de3305e0f5b1a30acd7648dd6') in 0.035139 seconds 
========================================================================
Received Import Request.
  Time since last request: 0.000018 seconds.
  path: Assets/Assets Storage/Distant Forest Assets/Swamp Forest/SwampBgOrange_1.png
  artifactKey: Guid(a22dd364e2770a04b9ace96821f24d6e) Importer(815301076,1909f56bfc062723c751e8b465ee728b)
Start importing Assets/Assets Storage/Distant Forest Assets/Swamp Forest/SwampBgOrange_1.png using Guid(a22dd364e2770a04b9ace96821f24d6e) Importer(815301076,1909f56bfc062723c751e8b465ee728b)  -> (artifact id: '9668db8a0d3ea88ec8a6f577b2f5f916') in 0.121145 seconds 
========================================================================
Received Import Request.
  Time since last request: 0.000013 seconds.
  path: Assets/Assets Storage/COPY SPRIGHT/2D Character - Astronaut/Sprites/world_desert.png
  artifactKey: Guid(0ece8860f6ff7b949bcc603e99fefe92) Importer(815301076,1909f56bfc062723c751e8b465ee728b)
Start importing Assets/Assets Storage/COPY SPRIGHT/2D Character - Astronaut/Sprites/world_desert.png using Guid(0ece8860f6ff7b949bcc603e99fefe92) Importer(815301076,1909f56bfc062723c751e8b465ee728b)  -> (artifact id: '805c272305c7fb69048f6db6cf8196c3') in 0.409114 seconds 
========================================================================
Received Import Request.
  Time since last request: 0.000018 seconds.
  path: Assets/Assets Storage/Distant Forest Assets/Swamp Forest/Tile Pallet/SwampPack1_3.asset
  artifactKey: Guid(d73ae2a7fc3e3134fa485ef7417d25ae) Importer(815301076,1909f56bfc062723c751e8b465ee728b)
Start importing Assets/Assets Storage/Distant Forest Assets/Swamp Forest/Tile Pallet/SwampPack1_3.asset using Guid(d73ae2a7fc3e3134fa485ef7417d25ae) Importer(815301076,1909f56bfc062723c751e8b465ee728b)  -> (artifact id: '11cf35584409718436ae995d0bed85d5') in 0.088204 seconds 
========================================================================
Received Import Request.
  Time since last request: 0.000017 seconds.
  path: Assets/Assets Storage/COPY SPRIGHT/2D Character - Astronaut/Sprites/character_hit2.png
  artifactKey: Guid(aaa807840a4943e79b5aa0802ee18d99) Importer(815301076,1909f56bfc062723c751e8b465ee728b)
Start importing Assets/Assets Storage/COPY SPRIGHT/2D Character - Astronaut/Sprites/character_hit2.png using Guid(aaa807840a4943e79b5aa0802ee18d99) Importer(815301076,1909f56bfc062723c751e8b465ee728b)  -> (artifact id: '59f1ed464d87861c1e9ad7a30fdcafee') in 0.471123 seconds 
========================================================================
Received Import Request.
  Time since last request: 0.000017 seconds.
  path: Assets/Assets Storage/COPY SPRIGHT/2D Character - Astronaut/Sprites/character_duck.png
  artifactKey: Guid(b9998a0d16f84a57a88683adbfce9aea) Importer(815301076,1909f56bfc062723c751e8b465ee728b)
Start importing Assets/Assets Storage/COPY SPRIGHT/2D Character - Astronaut/Sprites/character_duck.png using Guid(b9998a0d16f84a57a88683adbfce9aea) Importer(815301076,1909f56bfc062723c751e8b465ee728b)  -> (artifact id: 'd4e8584dc10ad8081c90cc86225bc964') in 0.728416 seconds 
========================================================================
Received Import Request.
  Time since last request: 0.000020 seconds.
  path: Assets/Assets Storage/Distant Forest Assets/Swamp Forest/SwampBg_3.png
  artifactKey: Guid(9618656a00c17fe4bbccff4470018111) Importer(815301076,1909f56bfc062723c751e8b465ee728b)
Start importing Assets/Assets Storage/Distant Forest Assets/Swamp Forest/SwampBg_3.png using Guid(9618656a00c17fe4bbccff4470018111) Importer(815301076,1909f56bfc062723c751e8b465ee728b)  -> (artifact id: '08ed3dd8ab319eca751f57eba6340321') in 0.156284 seconds 
========================================================================
Received Import Request.
  Time since last request: 0.000013 seconds.
  path: Assets/Assets Storage/COPY SPRIGHT/2D Character - Astronaut/Sprites/world_player_shadow.png
  artifactKey: Guid(2defedf49c8d4511b29c6bc028880008) Importer(815301076,1909f56bfc062723c751e8b465ee728b)
Start importing Assets/Assets Storage/COPY SPRIGHT/2D Character - Astronaut/Sprites/world_player_shadow.png using Guid(2defedf49c8d4511b29c6bc028880008) Importer(815301076,1909f56bfc062723c751e8b465ee728b)  -> (artifact id: '2c7076ce4dcf413d271988f14ee96746') in 0.082610 seconds 
========================================================================
Received Import Request.
  Time since last request: 0.000015 seconds.
  path: Assets/Assets Storage/Distant Forest Assets/Swamp Forest/Tile Pallet/SwampPack1_24.asset
  artifactKey: Guid(1441f81bdc4fe8c4a9516f7bcb03fc37) Importer(815301076,1909f56bfc062723c751e8b465ee728b)
Start importing Assets/Assets Storage/Distant Forest Assets/Swamp Forest/Tile Pallet/SwampPack1_24.asset using Guid(1441f81bdc4fe8c4a9516f7bcb03fc37) Importer(815301076,1909f56bfc062723c751e8b465ee728b)  -> (artifact id: '93c0477b8b3619f3b84c21e4e3fdea41') in 0.035290 seconds 
========================================================================
Received Import Request.
  Time since last request: 0.000026 seconds.
  path: Assets/Assets Storage/COPY SPRIGHT/2D Character - Astronaut/Sprites/world_bomb_hold.png
  artifactKey: Guid(09c6bf1cbce9be746b148f6019fd6750) Importer(815301076,1909f56bfc062723c751e8b465ee728b)
Start importing Assets/Assets Storage/COPY SPRIGHT/2D Character - Astronaut/Sprites/world_bomb_hold.png using Guid(09c6bf1cbce9be746b148f6019fd6750) Importer(815301076,1909f56bfc062723c751e8b465ee728b)  -> (artifact id: 'c2f84f4caf0c28904243ab8fbc3c89c1') in 0.839209 seconds 
========================================================================
Received Import Request.
  Time since last request: 0.000018 seconds.
  path: Assets/Assets Storage/Distant Forest Assets/Swamp Forest/Swamp Ground.prefab
  artifactKey: Guid(e25c3076b66fecb41b45c9079082fe0b) Importer(815301076,1909f56bfc062723c751e8b465ee728b)
Start importing Assets/Assets Storage/Distant Forest Assets/Swamp Forest/Swamp Ground.prefab using Guid(e25c3076b66fecb41b45c9079082fe0b) Importer(815301076,1909f56bfc062723c751e8b465ee728b)  -> (artifact id: '213b11592fed4d664f3784cd366b8d8a') in 0.628199 seconds 
========================================================================
Received Import Request.
  Time since last request: 0.000029 seconds.
  path: Assets/Assets Storage/Distant Forest Assets/Swamp Forest/Tile Pallet/SwampPack1_46.asset
  artifactKey: Guid(803d1a866f8c68c4eab9987dae473041) Importer(815301076,1909f56bfc062723c751e8b465ee728b)
Start importing Assets/Assets Storage/Distant Forest Assets/Swamp Forest/Tile Pallet/SwampPack1_46.asset using Guid(803d1a866f8c68c4eab9987dae473041) Importer(815301076,1909f56bfc062723c751e8b465ee728b)  -> (artifact id: 'bcf72fb0007c877ac8dc3fc7c285c4aa') in 0.015612 seconds 
========================================================================
Received Import Request.
  Time since last request: 0.000024 seconds.
  path: Assets/Assets Storage/Distant Forest Assets/Swamp Forest/Tile Pallet/SwampPack1_8.asset
  artifactKey: Guid(a5c3f9910bb483c4fac8115856ebe95b) Importer(815301076,1909f56bfc062723c751e8b465ee728b)
Start importing Assets/Assets Storage/Distant Forest Assets/Swamp Forest/Tile Pallet/SwampPack1_8.asset using Guid(a5c3f9910bb483c4fac8115856ebe95b) Importer(815301076,1909f56bfc062723c751e8b465ee728b)  -> (artifact id: '1ed8e31248b359c11e5e2ac906557a6f') in 0.011868 seconds 
========================================================================
Received Import Request.
  Time since last request: 0.000021 seconds.
  path: Assets/Assets Storage/Distant Forest Assets/Green Forest/ForestPack2.png
  artifactKey: Guid(80b56071c13d4854cb913a323961d9a6) Importer(815301076,1909f56bfc062723c751e8b465ee728b)
Start importing Assets/Assets Storage/Distant Forest Assets/Green Forest/ForestPack2.png using Guid(80b56071c13d4854cb913a323961d9a6) Importer(815301076,1909f56bfc062723c751e8b465ee728b)  -> (artifact id: '102b7da8eedeb775ee1a0368c9dc301f') in 0.113115 seconds 
========================================================================
Received Import Request.
  Time since last request: 0.000014 seconds.
  path: Assets/Assets Storage/COPY SPRIGHT/2D Character - Astronaut/Sprites/character_run.png
  artifactKey: Guid(acb8cab598694f619dd44693cb68fb4e) Importer(815301076,1909f56bfc062723c751e8b465ee728b)
Start importing Assets/Assets Storage/COPY SPRIGHT/2D Character - Astronaut/Sprites/character_run.png using Guid(acb8cab598694f619dd44693cb68fb4e) Importer(815301076,1909f56bfc062723c751e8b465ee728b)  -> (artifact id: '45aae1ae4144ed21680be3429d4224e8') in 0.233360 seconds 
========================================================================
Received Import Request.
  Time since last request: 0.000016 seconds.
  path: Assets/Assets Storage/Distant Forest Assets/Swamp Forest/Tile Pallet/SwampPack1_47.asset
  artifactKey: Guid(a8c9e4713776e6143bdfd66b6977f60d) Importer(815301076,1909f56bfc062723c751e8b465ee728b)
Start importing Assets/Assets Storage/Distant Forest Assets/Swamp Forest/Tile Pallet/SwampPack1_47.asset using Guid(a8c9e4713776e6143bdfd66b6977f60d) Importer(815301076,1909f56bfc062723c751e8b465ee728b)  -> (artifact id: '9f223b41ba5ec658750ee6b5336d5447') in 0.009553 seconds 
========================================================================
Received Import Request.
  Time since last request: 0.000025 seconds.
  path: Assets/Assets Storage/Distant Forest Assets/Swamp Forest/Tile Pallet/SwampPack1_60.asset
  artifactKey: Guid(558773941c7508044bf1b6f9848dc8c4) Importer(815301076,1909f56bfc062723c751e8b465ee728b)
Start importing Assets/Assets Storage/Distant Forest Assets/Swamp Forest/Tile Pallet/SwampPack1_60.asset using Guid(558773941c7508044bf1b6f9848dc8c4) Importer(815301076,1909f56bfc062723c751e8b465ee728b)  -> (artifact id: 'd16a47d36d021e7ff2afcae342dd5718') in 0.010301 seconds 
========================================================================
Received Import Request.
  Time since last request: 0.000017 seconds.
  path: Assets/Assets Storage/Distant Forest Assets/Swamp Forest/Tile Pallet/SwampPack1_2.asset
  artifactKey: Guid(f0ce8e2e6172b8e4a8d2e5b416d84645) Importer(815301076,1909f56bfc062723c751e8b465ee728b)
Start importing Assets/Assets Storage/Distant Forest Assets/Swamp Forest/Tile Pallet/SwampPack1_2.asset using Guid(f0ce8e2e6172b8e4a8d2e5b416d84645) Importer(815301076,1909f56bfc062723c751e8b465ee728b)  -> (artifact id: '835ba7a31d6a1e64fe0c4c153adb0d36') in 0.013052 seconds 
========================================================================
Received Import Request.
  Time since last request: 0.000017 seconds.
  path: Assets/Assets Storage/COPY SPRIGHT/2D Character - Astronaut/Sprites/weapon_hammer.png
  artifactKey: Guid(626be61ea46848f48841509c5271e64f) Importer(815301076,1909f56bfc062723c751e8b465ee728b)
Start importing Assets/Assets Storage/COPY SPRIGHT/2D Character - Astronaut/Sprites/weapon_hammer.png using Guid(626be61ea46848f48841509c5271e64f) Importer(815301076,1909f56bfc062723c751e8b465ee728b)  -> (artifact id: 'd89d93b0e5b0dd7a3c6024a13d8cbef1') in 0.768466 seconds 
========================================================================
Received Prepare
Registering precompiled user dll's ...
Registered in 0.004223 seconds.
Begin MonoManager ReloadAssembly
Native extension for WindowsStandalone target not found
Refreshing native plugins compatible for Editor in 0.58 ms, found 3 plugins.
Preloading 0 native plugins for Editor in 0.00 ms.
Mono: successfully reloaded assembly
- Completed reload, in  2.174 seconds
Domain Reload Profiling:
	ReloadAssembly (2175ms)
		BeginReloadAssembly (131ms)
			ExecutionOrderSort (0ms)
			DisableScriptedObjects (6ms)
			BackupInstance (0ms)
			ReleaseScriptingObjects (0ms)
			CreateAndSetChildDomain (40ms)
		EndReloadAssembly (1958ms)
			LoadAssemblies (78ms)
			RebuildTransferFunctionScriptingTraits (0ms)
			SetupTypeCache (188ms)
			ReleaseScriptCaches (1ms)
			RebuildScriptCaches (44ms)
			SetupLoadedEditorAssemblies (417ms)
				LogAssemblyErrors (0ms)
				InitializePlatformSupportModulesInManaged (10ms)
				SetLoadedEditorAssemblies (0ms)
				RefreshPlugins (1ms)
				BeforeProcessingInitializeOnLoad (54ms)
				ProcessInitializeOnLoadAttributes (317ms)
				ProcessInitializeOnLoadMethodAttributes (32ms)
				AfterProcessingInitializeOnLoad (3ms)
				EditorAssembliesLoaded (0ms)
			ExecutionOrderSort2 (0ms)
			AwakeInstancesAfterBackupRestoration (15ms)
Platform modules already initialized, skipping
Refreshing native plugins compatible for Editor in 0.56 ms, found 3 plugins.
Preloading 0 native plugins for Editor in 0.00 ms.
Unloading 2631 Unused Serialized files (Serialized files now loaded: 0)
Unloading 25 unused Assets / (115.6 KB). Loaded Objects now: 3424.
Memory consumption went from 137.4 MB to 137.3 MB.
Total: 24.490400 ms (FindLiveObjects: 0.263000 ms CreateObjectMapping: 0.184900 ms MarkObjects: 24.000500 ms  DeleteObjects: 0.040900 ms)

AssetImportParameters requested are different than current active one (requested -> active):
  custom:video-decoder-ogg-theora: a1e56fd34408186e4bbccfd4996cb3dc -> 
  custom:container-muxer-webm: aa71ff27fc2769a1b78a27578f13a17b -> 
  custom:container-demuxer-webm: 4f35f7cbe854078d1ac9338744f61a02 -> 
  custom:video-encoder-webm-vp8: eb34c28f22e8b96e1ab97ce403110664 -> 
  custom:video-codec-MediaFoundation-h265: 746d11721c4dcdbdad8f713fa42b33f4 -> 
  custom:audio-encoder-webm-vorbis: bf7c407c2cedff20999df2af8eb42d56 -> 
  custom:framework-win-MediaFoundation: 216162199b28c13a410421893ffa2e32 -> 
  custom:container-demuxer-ogg: 62fdf1f143b41e24485cea50d1cbac27 -> 
  custom:video-decoder-webm-vp8: 9c59270c3fd7afecdb556c50c9e8de78 -> 
  custom:audio-decoder-ogg-vorbis: bf7c407c2cedff20999df2af8eb42d56 -> 
========================================================================
Received Prepare
Registering precompiled user dll's ...
Registered in 0.004796 seconds.
Begin MonoManager ReloadAssembly
Native extension for WindowsStandalone target not found
Refreshing native plugins compatible for Editor in 0.73 ms, found 3 plugins.
Preloading 0 native plugins for Editor in 0.00 ms.
Mono: successfully reloaded assembly
- Completed reload, in  1.121 seconds
Domain Reload Profiling:
	ReloadAssembly (1122ms)
		BeginReloadAssembly (135ms)
			ExecutionOrderSort (0ms)
			DisableScriptedObjects (11ms)
			BackupInstance (0ms)
			ReleaseScriptingObjects (0ms)
			CreateAndSetChildDomain (41ms)
		EndReloadAssembly (891ms)
			LoadAssemblies (77ms)
			RebuildTransferFunctionScriptingTraits (0ms)
			SetupTypeCache (229ms)
			ReleaseScriptCaches (2ms)
			RebuildScriptCaches (56ms)
			SetupLoadedEditorAssemblies (473ms)
				LogAssemblyErrors (0ms)
				InitializePlatformSupportModulesInManaged (14ms)
				SetLoadedEditorAssemblies (0ms)
				RefreshPlugins (1ms)
				BeforeProcessingInitializeOnLoad (58ms)
				ProcessInitializeOnLoadAttributes (362ms)
				ProcessInitializeOnLoadMethodAttributes (35ms)
				AfterProcessingInitializeOnLoad (3ms)
				EditorAssembliesLoaded (0ms)
			ExecutionOrderSort2 (0ms)
			AwakeInstancesAfterBackupRestoration (15ms)
Platform modules already initialized, skipping
Refreshing native plugins compatible for Editor in 0.71 ms, found 3 plugins.
Preloading 0 native plugins for Editor in 0.00 ms.
Unloading 2611 Unused Serialized files (Serialized files now loaded: 0)
Unloading 25 unused Assets / (95.3 KB). Loaded Objects now: 3438.
Memory consumption went from 136.5 MB to 136.4 MB.
Total: 3.444300 ms (FindLiveObjects: 0.323100 ms CreateObjectMapping: 0.224700 ms MarkObjects: 2.859800 ms  DeleteObjects: 0.035600 ms)

AssetImportParameters requested are different than current active one (requested -> active):
  custom:video-decoder-ogg-theora: a1e56fd34408186e4bbccfd4996cb3dc -> 
  custom:container-muxer-webm: aa71ff27fc2769a1b78a27578f13a17b -> 
  custom:container-demuxer-webm: 4f35f7cbe854078d1ac9338744f61a02 -> 
  custom:video-encoder-webm-vp8: eb34c28f22e8b96e1ab97ce403110664 -> 
  custom:video-codec-MediaFoundation-h265: 746d11721c4dcdbdad8f713fa42b33f4 -> 
  custom:audio-encoder-webm-vorbis: bf7c407c2cedff20999df2af8eb42d56 -> 
  custom:framework-win-MediaFoundation: 216162199b28c13a410421893ffa2e32 -> 
  custom:container-demuxer-ogg: 62fdf1f143b41e24485cea50d1cbac27 -> 
  custom:video-decoder-webm-vp8: 9c59270c3fd7afecdb556c50c9e8de78 -> 
  custom:audio-decoder-ogg-vorbis: bf7c407c2cedff20999df2af8eb42d56 -> 
